FAIL ./anagram.test.js
  Anagrams
    ✓ Should return an array of words (3 ms)
    ✓ Should return an array of same word for a single letter
    ✕ Should return an array of 2 for a 2 lettered word (5 ms)

  ● Anagrams › Should return an array of 2 for a 2 lettered word

    expect(received).toEqual(expected) // deep equality

    - Expected  - 1
    + Received  + 0

      Array [
        "ab",
    -   "ba",
      ]

      13 | 
      14 |   it('Should return an array of 2 for a 2 lettered word', () => {
    > 15 |     expect(createAnagrams('ab')).toEqual(['ab', 'ba']);
         |                                  ^
      16 |   });
      17 | });
      18 | 

      at Object.<anonymous> (anagram.test.js:15:34)

Test Suites: 1 failed, 1 total
Tests:       1 failed, 2 passed, 3 total
Snapshots:   0 total
Time:        1.412 s
Ran all test suites.
npm ERR! code ELIFECYCLE
npm ERR! errno 1
npm ERR! @ test: `jest --coverage`
npm ERR! Exit status 1
npm ERR! 
npm ERR! Failed at the @ test script.
npm ERR! This is probably not a problem with npm. There is likely additional logging output above.

npm ERR! A complete log of this run can be found in:
npm ERR!     /home/sandbox/.npm/_logs/2023-01-27T11_21_41_912Z-debug.log
