FAIL ./anagram.test.js
  Anagrams
    ✓ Should return an array of words (3 ms)
    ✓ Should return an array of same word for a single letter
    ✕ Should return an array of 2 for a 2 lettered word (2 ms)
    ✕ Should return an array of 1 for a 2 lettered word with repeated characters (1 ms)

  ● Anagrams › Should return an array of 2 for a 2 lettered word

    TypeError: returnArray.contains is not a function

      13 |   if (typeof word === 'string' && word.length > 1) {
      14 |     const nextWord = reverseString(word);
    > 15 |     if (!returnArray.contains(nextWord)) {
         |                      ^
      16 |       returnArray.push(nextWord);
      17 |     }
      18 |   }

      at createAnagrams (anagram.js:15:22)
      at Object.<anonymous> (anagram.test.js:15:12)

  ● Anagrams › Should return an array of 1 for a 2 lettered word with repeated characters

    TypeError: returnArray.contains is not a function

      13 |   if (typeof word === 'string' && word.length > 1) {
      14 |     const nextWord = reverseString(word);
    > 15 |     if (!returnArray.contains(nextWord)) {
         |                      ^
      16 |       returnArray.push(nextWord);
      17 |     }
      18 |   }

      at createAnagrams (anagram.js:15:22)
      at Object.<anonymous> (anagram.test.js:20:12)

Test Suites: 1 failed, 1 total
Tests:       2 failed, 2 passed, 4 total
Snapshots:   0 total
Time:        1.48 s
Ran all test suites.
npm ERR! code ELIFECYCLE
npm ERR! errno 1
npm ERR! @ test: `jest --coverage`
npm ERR! Exit status 1
npm ERR! 
npm ERR! Failed at the @ test script.
npm ERR! This is probably not a problem with npm. There is likely additional logging output above.

npm ERR! A complete log of this run can be found in:
npm ERR!     /home/sandbox/.npm/_logs/2023-01-27T11_36_20_724Z-debug.log
